1537253216096	geckodriver	INFO	geckodriver 0.21.0
1537253216110	geckodriver	INFO	Listening on 127.0.0.1:53097
1537253217132	mozrunner::runner	INFO	Running command: "/Applications/Firefox.app/Contents/MacOS/firefox-bin" "-marionette" "-foreground" "-no-remote" "-profile" "/var/folders/71/nwvts0vx2tqbkhwfgbktvx280000gn/T/rust_mozprofile.NKJEafhg6Osn"
2018-09-18 01:46:59.111 plugin-container[32759:3559754] *** CFMessagePort: bootstrap_register(): failed 1100 (0x44c) 'Permission denied', port = 0x873f, name = 'com.apple.tsm.portname'
See /usr/include/servers/bootstrap_defs.h for the error codes.
2018-09-18 01:46:59.586 plugin-container[32760:3559779] *** CFMessagePort: bootstrap_register(): failed 1100 (0x44c) 'Permission denied', port = 0x8007, name = 'com.apple.tsm.portname'
See /usr/include/servers/bootstrap_defs.h for the error codes.
2018-09-18 01:46:59.745 plugin-container[32759:3559754] *** CFMessagePort: bootstrap_register(): failed 1100 (0x44c) 'Permission denied', port = 0x8703, name = 'com.apple.coredrag'
See /usr/include/servers/bootstrap_defs.h for the error codes.
2018-09-18 01:46:59.746 plugin-container[32760:3559779] *** CFMessagePort: bootstrap_register(): failed 1100 (0x44c) 'Permission denied', port = 0x178b, name = 'com.apple.coredrag'
See /usr/include/servers/bootstrap_defs.h for the error codes.
1537253219962	Marionette	INFO	Listening on port 53112
1537253220042	Marionette	WARN	TLS certificate errors will be ignored for this session
1537253220079	Marionette	DEBUG	[4294967297] Frame script loaded
1537253220092	Marionette	DEBUG	[4294967297] Frame script registered
2018-09-18 01:47:00.399 plugin-container[32761:3559902] *** CFMessagePort: bootstrap_register(): failed 1100 (0x44c) 'Permission denied', port = 0x753f, name = 'com.apple.tsm.portname'
See /usr/include/servers/bootstrap_defs.h for the error codes.
2018-09-18 01:47:00.501 plugin-container[32761:3559902] *** CFMessagePort: bootstrap_register(): failed 1100 (0x44c) 'Permission denied', port = 0x260f, name = 'com.apple.coredrag'
See /usr/include/servers/bootstrap_defs.h for the error codes.
1537253220824	Marionette	INFO	Stopped listening on port 53112
1537253220845	addons.xpi	WARN	Exception running bootstrap method shutdown on activity-stream@mozilla.org: TypeError: setting getter-only property "_currentSearchHostname" (resource://activity-stream/lib/TopSitesFeed.jsm:86:5) JS Stack trace: uninit@TopSitesFeed.jsm:86:5
onAction@TopSitesFeed.jsm:707:9
_middleware/</<@Store.jsm:51:11
Store/this[method]@Store.jsm:29:55
uninit@Store.jsm:170:7
uninit@ActivityStream.jsm:363:5
uninit@resource://gre/modules/addons/XPIProvider.jsm -> jar:file:///Applications/Firefox.app/Contents/Resources/browser/features/activity-stream@bootstrap.js:86:5
shutdown@resource://gre/modules/addons/XPIProvider.jsm -> jar:file:///Applications/Firefox.app/Contents/Resources/browser/features/activity-stream@bootstrap.js:194:3
callBootstrapMethod@XPIProvider.jsm:1588:20
_shutdown@XPIProvider.jsm:1724:12
flushAllWindowsAsync@SessionStore.jsm:1697:7
ssi_onQuitApplicationGranted/<@SessionStore.jsm:1624:27
trigger@AsyncShutdown.jsm:710:23
_wait@AsyncShutdown.jsm:857:7
wait@AsyncShutdown.jsm:841:28
observe@AsyncShutdown.jsm:524:17
GeckoDriver.prototype.quit@driver.js:3319:3
despatch@server.js:297:20
execute@server.js:271:11
onPacket/<@server.js:246:15
onPacket@server.js:245:8
_onJSONObjectReady/<@transport.js:500:9
JavaScript error: resource://gre/modules/Sqlite.jsm, line 841: Error: Connection is not open.
1537253238576	geckodriver	INFO	geckodriver 0.21.0
1537253238582	geckodriver	INFO	Listening on 127.0.0.1:53234
1537253239606	mozrunner::runner	INFO	Running command: "/Applications/Firefox.app/Contents/MacOS/firefox-bin" "-marionette" "-foreground" "-no-remote" "-profile" "/var/folders/71/nwvts0vx2tqbkhwfgbktvx280000gn/T/rust_mozprofile.BiIStML7H1Et"
2018-09-18 01:47:20.798 plugin-container[32769:3560493] *** CFMessagePort: bootstrap_register(): failed 1100 (0x44c) 'Permission denied', port = 0x893f, name = 'com.apple.tsm.portname'
See /usr/include/servers/bootstrap_defs.h for the error codes.
2018-09-18 01:47:20.917 plugin-container[32769:3560493] *** CFMessagePort: bootstrap_register(): failed 1100 (0x44c) 'Permission denied', port = 0x89b7, name = 'com.apple.coredrag'
See /usr/include/servers/bootstrap_defs.h for the error codes.
2018-09-18 01:47:21.070 plugin-container[32770:3560516] *** CFMessagePort: bootstrap_register(): failed 1100 (0x44c) 'Permission denied', port = 0x8503, name = 'com.apple.tsm.portname'
See /usr/include/servers/bootstrap_defs.h for the error codes.
2018-09-18 01:47:21.174 plugin-container[32770:3560516] *** CFMessagePort: bootstrap_register(): failed 1100 (0x44c) 'Permission denied', port = 0x859f, name = 'com.apple.coredrag'
See /usr/include/servers/bootstrap_defs.h for the error codes.
1537253241331	Marionette	INFO	Listening on port 53249
1537253241357	Marionette	WARN	TLS certificate errors will be ignored for this session
1537253241399	Marionette	DEBUG	[4294967297] Frame script loaded
1537253241400	Marionette	DEBUG	[4294967297] Frame script registered
2018-09-18 01:47:22.211 plugin-container[32771:3560625] *** CFMessagePort: bootstrap_register(): failed 1100 (0x44c) 'Permission denied', port = 0x7243, name = 'com.apple.tsm.portname'
See /usr/include/servers/bootstrap_defs.h for the error codes.
2018-09-18 01:47:22.284 plugin-container[32771:3560625] *** CFMessagePort: bootstrap_register(): failed 1100 (0x44c) 'Permission denied', port = 0x72db, name = 'com.apple.coredrag'
See /usr/include/servers/bootstrap_defs.h for the error codes.
1537253321958	geckodriver	INFO	geckodriver 0.21.0
1537253321963	geckodriver	INFO	Listening on 127.0.0.1:53618
1537253322988	mozrunner::runner	INFO	Running command: "/Applications/Firefox.app/Contents/MacOS/firefox-bin" "-marionette" "-foreground" "-no-remote" "-profile" "/var/folders/71/nwvts0vx2tqbkhwfgbktvx280000gn/T/rust_mozprofile.L93cXbpxpiaO"
2018-09-18 01:48:44.211 plugin-container[32788:3561808] *** CFMessagePort: bootstrap_register(): failed 1100 (0x44c) 'Permission denied', port = 0x6e03, name = 'com.apple.tsm.portname'
See /usr/include/servers/bootstrap_defs.h for the error codes.
2018-09-18 01:48:44.321 plugin-container[32788:3561808] *** CFMessagePort: bootstrap_register(): failed 1100 (0x44c) 'Permission denied', port = 0x6e7b, name = 'com.apple.coredrag'
See /usr/include/servers/bootstrap_defs.h for the error codes.
2018-09-18 01:48:44.483 plugin-container[32789:3561833] *** CFMessagePort: bootstrap_register(): failed 1100 (0x44c) 'Permission denied', port = 0x793f, name = 'com.apple.tsm.portname'
See /usr/include/servers/bootstrap_defs.h for the error codes.
2018-09-18 01:48:44.578 plugin-container[32789:3561833] *** CFMessagePort: bootstrap_register(): failed 1100 (0x44c) 'Permission denied', port = 0x7953, name = 'com.apple.coredrag'
See /usr/include/servers/bootstrap_defs.h for the error codes.
1537253324710	Marionette	INFO	Listening on port 53633
1537253324748	Marionette	WARN	TLS certificate errors will be ignored for this session
1537253324790	Marionette	DEBUG	[4294967297] Frame script loaded
1537253324791	Marionette	DEBUG	[4294967297] Frame script registered
2018-09-18 01:48:45.620 plugin-container[32790:3561946] *** CFMessagePort: bootstrap_register(): failed 1100 (0x44c) 'Permission denied', port = 0x8a43, name = 'com.apple.tsm.portname'
See /usr/include/servers/bootstrap_defs.h for the error codes.
2018-09-18 01:48:45.743 plugin-container[32790:3561946] *** CFMessagePort: bootstrap_register(): failed 1100 (0x44c) 'Permission denied', port = 0x8adf, name = 'com.apple.coredrag'
See /usr/include/servers/bootstrap_defs.h for the error codes.
1537253355390	geckodriver	INFO	geckodriver 0.21.0
1537253355395	geckodriver	INFO	Listening on 127.0.0.1:53790
1537253356410	mozrunner::runner	INFO	Running command: "/Applications/Firefox.app/Contents/MacOS/firefox-bin" "-marionette" "-foreground" "-no-remote" "-profile" "/var/folders/71/nwvts0vx2tqbkhwfgbktvx280000gn/T/rust_mozprofile.4jek0aFGU7g6"
2018-09-18 01:49:17.684 plugin-container[32800:3562648] *** CFMessagePort: bootstrap_register(): failed 1100 (0x44c) 'Permission denied', port = 0x893f, name = 'com.apple.tsm.portname'
See /usr/include/servers/bootstrap_defs.h for the error codes.
2018-09-18 01:49:17.801 plugin-container[32800:3562648] *** CFMessagePort: bootstrap_register(): failed 1100 (0x44c) 'Permission denied', port = 0x89b7, name = 'com.apple.coredrag'
See /usr/include/servers/bootstrap_defs.h for the error codes.
2018-09-18 01:49:17.972 plugin-container[32801:3562671] *** CFMessagePort: bootstrap_register(): failed 1100 (0x44c) 'Permission denied', port = 0x8a07, name = 'com.apple.tsm.portname'
See /usr/include/servers/bootstrap_defs.h for the error codes.
2018-09-18 01:49:18.066 plugin-container[32801:3562671] *** CFMessagePort: bootstrap_register(): failed 1100 (0x44c) 'Permission denied', port = 0x8a9f, name = 'com.apple.coredrag'
See /usr/include/servers/bootstrap_defs.h for the error codes.
1537253358209	Marionette	INFO	Listening on port 53805
1537253358273	Marionette	WARN	TLS certificate errors will be ignored for this session
1537253358316	Marionette	DEBUG	[4294967297] Frame script loaded
1537253358317	Marionette	DEBUG	[4294967297] Frame script registered
2018-09-18 01:49:19.139 plugin-container[32802:3562786] *** CFMessagePort: bootstrap_register(): failed 1100 (0x44c) 'Permission denied', port = 0x6e3f, name = 'com.apple.tsm.portname'
See /usr/include/servers/bootstrap_defs.h for the error codes.
2018-09-18 01:49:19.227 plugin-container[32802:3562786] *** CFMessagePort: bootstrap_register(): failed 1100 (0x44c) 'Permission denied', port = 0x6edb, name = 'com.apple.coredrag'
See /usr/include/servers/bootstrap_defs.h for the error codes.
1537253371849	Marionette	INFO	Stopped listening on port 53249
1537253374170	Marionette	INFO	Stopped listening on port 53633
1537253376429	Marionette	INFO	Stopped listening on port 53805
1537253400164	geckodriver	INFO	geckodriver 0.21.0
1537253400173	geckodriver	INFO	Listening on 127.0.0.1:54023
1537253401197	mozrunner::runner	INFO	Running command: "/Applications/Firefox.app/Contents/MacOS/firefox-bin" "-marionette" "-foreground" "-no-remote" "-profile" "/var/folders/71/nwvts0vx2tqbkhwfgbktvx280000gn/T/rust_mozprofile.G2jprtfGWa7x"
2018-09-18 01:50:02.456 plugin-container[32815:3564030] *** CFMessagePort: bootstrap_register(): failed 1100 (0x44c) 'Permission denied', port = 0x7c03, name = 'com.apple.tsm.portname'
See /usr/include/servers/bootstrap_defs.h for the error codes.
2018-09-18 01:50:02.572 plugin-container[32815:3564030] *** CFMessagePort: bootstrap_register(): failed 1100 (0x44c) 'Permission denied', port = 0x7c7b, name = 'com.apple.coredrag'
See /usr/include/servers/bootstrap_defs.h for the error codes.
2018-09-18 01:50:02.739 plugin-container[32816:3564054] *** CFMessagePort: bootstrap_register(): failed 1100 (0x44c) 'Permission denied', port = 0x882f, name = 'com.apple.tsm.portname'
See /usr/include/servers/bootstrap_defs.h for the error codes.
2018-09-18 01:50:02.836 plugin-container[32816:3564054] *** CFMessagePort: bootstrap_register(): failed 1100 (0x44c) 'Permission denied', port = 0x757b, name = 'com.apple.coredrag'
See /usr/include/servers/bootstrap_defs.h for the error codes.
1537253403024	Marionette	INFO	Listening on port 54038
1537253403046	Marionette	WARN	TLS certificate errors will be ignored for this session
1537253403094	Marionette	DEBUG	[4294967297] Frame script loaded
1537253403098	Marionette	DEBUG	[4294967297] Frame script registered
2018-09-18 01:50:03.847 plugin-container[32817:3564159] *** CFMessagePort: bootstrap_register(): failed 1100 (0x44c) 'Permission denied', port = 0x8c3f, name = 'com.apple.tsm.portname'
See /usr/include/servers/bootstrap_defs.h for the error codes.
2018-09-18 01:50:03.924 plugin-container[32817:3564159] *** CFMessagePort: bootstrap_register(): failed 1100 (0x44c) 'Permission denied', port = 0x75a7, name = 'com.apple.coredrag'
See /usr/include/servers/bootstrap_defs.h for the error codes.
2018-09-18 01:50:09.447 plugin-container[32818:3564285] *** CFMessagePort: bootstrap_register(): failed 1100 (0x44c) 'Permission denied', port = 0x8743, name = 'com.apple.tsm.portname'
See /usr/include/servers/bootstrap_defs.h for the error codes.
2018-09-18 01:50:09.532 plugin-container[32818:3564285] *** CFMessagePort: bootstrap_register(): failed 1100 (0x44c) 'Permission denied', port = 0x87bf, name = 'com.apple.coredrag'
See /usr/include/servers/bootstrap_defs.h for the error codes.
1537253416310	Marionette	INFO	Stopped listening on port 54038
